2025.12.10 13:05:44 INFO  Started: Metals version 1.6.4 in folders '/home/poojachandrashekhar/hmrc/sdlt/sdlt-management-frontend-ui-tests' for client Visual Studio Code 1.106.3.[0m
2025.12.10 13:05:45 WARN  Using H2 2.4.240 which is newer than the version Flyway has been verified with. The latest verified version of H2 is 2.3.232.[0m
2025.12.10 13:05:49 INFO  running '/home/poojachandrashekhar/.sdkman/candidates/sbt/current/bin/sbt -Dbloop.export-jar-classifiers=sources bloopInstall'[0m
2025.12.10 13:05:49 WARN  no build target for: /home/poojachandrashekhar/hmrc/sdlt/sdlt-management-frontend-ui-tests/project/metals.sbt[0m
2025.12.10 13:05:49 INFO  no build target found for /home/poojachandrashekhar/hmrc/sdlt/sdlt-management-frontend-ui-tests/project/project/metals.sbt. Using presentation compiler with project's scala-library version: 3.3.6[0m
2025.12.10 13:05:49 WARN  no build target for: /home/poojachandrashekhar/hmrc/sdlt/sdlt-management-frontend-ui-tests/project/project/metals.sbt[0m
2025.12.10 13:05:50 INFO  [info] welcome to sbt 1.10.10 (Eclipse Adoptium Java 21.0.6)[0m
2025.12.10 13:05:52 INFO  [info] loading settings for project sdlt-management-frontend-ui-tests-build-build-build from metals.sbt...[0m
2025.12.10 13:05:53 INFO  no build target found for /home/poojachandrashekhar/hmrc/sdlt/sdlt-management-frontend-ui-tests/project/metals.sbt. Using presentation compiler with project's scala-library version: 3.3.6[0m
2025.12.10 13:05:52 INFO  [info] loading project definition from /home/poojachandrashekhar/hmrc/sdlt/sdlt-management-frontend-ui-tests/project/project/project[0m
2025.12.10 13:05:56 INFO  [info] loading settings for project sdlt-management-frontend-ui-tests-build-build from metals.sbt...[0m
2025.12.10 13:05:56 INFO  [info] loading project definition from /home/poojachandrashekhar/hmrc/sdlt/sdlt-management-frontend-ui-tests/project/project[0m
2025.12.10 13:05:59 INFO  [success] Generated .bloop/sdlt-management-frontend-ui-tests-build-build.json[0m
2025.12.10 13:05:59 INFO  [success] Total time: 3 s, completed Dec 10, 2025, 1:05:59 PM[0m
2025.12.10 13:06:00 INFO  [info] loading settings for project sdlt-management-frontend-ui-tests-build from metals.sbt, plugins.sbt...[0m
2025.12.10 13:06:00 INFO  [info] loading project definition from /home/poojachandrashekhar/hmrc/sdlt/sdlt-management-frontend-ui-tests/project[0m
2025.12.10 13:06:03 INFO  [success] Generated .bloop/sdlt-management-frontend-ui-tests-build.json[0m
2025.12.10 13:06:03 INFO  [success] Total time: 4 s, completed Dec 10, 2025, 1:06:04 PM[0m
2025.12.10 13:06:05 INFO  [info] SbtAutoBuildPlugin - adding projectSettings[0m
2025.12.10 13:06:05 INFO  [info] loading settings for project root from build.sbt...[0m
2025.12.10 13:06:05 INFO  [info] SbtAutoBuildPlugin - adding global settings[0m
2025.12.10 13:06:05 INFO  [info] SbtAutoBuildPlugin - repository is marked public. Licence headers will be added to all source files[0m
2025.12.10 13:06:07 INFO  [info] set current project to sdlt-management-frontend-ui-tests (in build file:/home/poojachandrashekhar/hmrc/sdlt/sdlt-management-frontend-ui-tests/)[0m
2025.12.10 13:06:07 INFO  [success] Generated .bloop/root.json[0m
2025.12.10 13:06:07 INFO  [success] Generated .bloop/root-test.json[0m
2025.12.10 13:06:07 INFO  [success] Total time: 1 s, completed Dec 10, 2025, 1:06:07 PM[0m
2025.12.10 13:06:08 INFO  time: ran 'sbt bloopInstall' in 19s[0m
2025.12.10 13:06:08 INFO  Attempting to connect to the build server...[0m
2025.12.10 13:06:08 INFO  No running Bloop server found, starting one.[0m
2025.12.10 13:06:14 INFO  Starting compilation server[0m
2025.12.10 13:06:16 INFO  tracing is disabled for protocol BSP, to enable tracing of incoming and outgoing JSON messages create an empty file at /home/poojachandrashekhar/hmrc/sdlt/sdlt-management-frontend-ui-tests/.metals/bsp.trace.json or /home/poojachandrashekhar/.cache/metals/bsp.trace.json[0m
2025.12.10 13:06:17 INFO  Attempting to connect to the build server...[0m
2025.12.10 13:06:17 INFO  Found a Bloop server running[0m
2025.12.10 13:06:17 INFO  Attempting to connect to the build server...[0m
2025.12.10 13:06:17 INFO  Found a Bloop server running[0m
2025.12.10 13:06:17 INFO  tracing is disabled for protocol BSP, to enable tracing of incoming and outgoing JSON messages create an empty file at /home/poojachandrashekhar/hmrc/sdlt/sdlt-management-frontend-ui-tests/project/project/.metals/bsp.trace.json or /home/poojachandrashekhar/.cache/metals/bsp.trace.json[0m
2025.12.10 13:06:17 INFO  tracing is disabled for protocol BSP, to enable tracing of incoming and outgoing JSON messages create an empty file at /home/poojachandrashekhar/hmrc/sdlt/sdlt-management-frontend-ui-tests/project/.metals/bsp.trace.json or /home/poojachandrashekhar/.cache/metals/bsp.trace.json[0m
2025.12.10 13:06:19 INFO  time: Connected to build server in 10s[0m
2025.12.10 13:06:19 INFO  Connected to Build server: Bloop v2.0.17[0m
2025.12.10 13:06:19 INFO  time: Imported build in 0.15s[0m
2025.12.10 13:06:24 WARN  Using H2 2.4.240 which is newer than the version Flyway has been verified with. The latest verified version of H2 is 2.3.232.[0m
2025.12.10 13:06:38 INFO  time: indexed workspace in 18s[0m
Dec 10, 2025 1:06:39 PM org.eclipse.lsp4j.jsonrpc.services.GenericEndpoint notify
INFO: Unsupported notification method: $/setTrace
Dec 10, 2025 1:07:04 PM org.eclipse.lsp4j.jsonrpc.services.GenericEndpoint notify
INFO: Unsupported notification method: $/setTrace
2025.12.10 13:07:45 INFO  compiling root-test (16 scala sources)[0m
2025.12.10 13:07:55 INFO  time: compiled root-test in 9.84s[0m
Dec 10, 2025 1:08:23 PM org.eclipse.lsp4j.jsonrpc.services.GenericEndpoint notify
INFO: Unsupported notification method: $/setTrace
Dec 10, 2025 1:08:24 PM org.eclipse.lsp4j.jsonrpc.services.GenericEndpoint notify
INFO: Unsupported notification method: $/setTrace
Dec 10, 2025 1:18:57 PM org.eclipse.lsp4j.jsonrpc.services.GenericEndpoint notify
INFO: Unsupported notification method: $/setTrace
Dec 10, 2025 1:19:50 PM org.eclipse.lsp4j.jsonrpc.services.GenericEndpoint notify
INFO: Unsupported notification method: $/setTrace
Dec 10, 2025 1:19:51 PM org.eclipse.lsp4j.jsonrpc.services.GenericEndpoint notify
INFO: Unsupported notification method: $/setTrace
Dec 10, 2025 1:19:54 PM org.eclipse.lsp4j.jsonrpc.services.GenericEndpoint notify
INFO: Unsupported notification method: $/setTrace
Dec 10, 2025 1:19:55 PM org.eclipse.lsp4j.jsonrpc.services.GenericEndpoint notify
INFO: Unsupported notification method: $/setTrace
Dec 10, 2025 1:19:55 PM org.eclipse.lsp4j.jsonrpc.services.GenericEndpoint notify
INFO: Unsupported notification method: $/setTrace
Dec 10, 2025 1:19:56 PM org.eclipse.lsp4j.jsonrpc.services.GenericEndpoint notify
INFO: Unsupported notification method: $/setTrace
java.util.concurrent.RejectedExecutionException: Task Future(<not completed>) rejected from java.util.concurrent.ThreadPoolExecutor@5afa04c[Shutting down, pool size = 6, active threads = 6, queued tasks = 0, completed tasks = 2997]
	at java.base/java.util.concurrent.ThreadPoolExecutor$AbortPolicy.rejectedExecution(ThreadPoolExecutor.java:2081)
	at java.base/java.util.concurrent.ThreadPoolExecutor.reject(ThreadPoolExecutor.java:841)
	at java.base/java.util.concurrent.ThreadPoolExecutor.execute(ThreadPoolExecutor.java:1376)
	at scala.concurrent.impl.ExecutionContextImpl.execute(ExecutionContextImpl.scala:21)
	at scala.concurrent.impl.Promise$Transformation.submitWithValue(Promise.scala:462)
	at scala.concurrent.impl.Promise$DefaultPromise.submitWithValue(Promise.scala:371)
	at scala.concurrent.impl.Promise$DefaultPromise.tryComplete0(Promise.scala:295)
	at scala.concurrent.impl.Promise$Transformation.run(Promise.scala:537)
	at java.base/java.util.concurrent.ThreadPoolExecutor.runWorker(ThreadPoolExecutor.java:1144)
	at java.base/java.util.concurrent.ThreadPoolExecutor$Worker.run(ThreadPoolExecutor.java:642)
	at java.base/java.lang.Thread.run(Thread.java:1583)
java.util.concurrent.RejectedExecutionException: Task Future(<not completed>) rejected from java.util.concurrent.ThreadPoolExecutor@5afa04c[Shutting down, pool size = 6, active threads = 6, queued tasks = 0, completed tasks = 2997]
	at java.base/java.util.concurrent.ThreadPoolExecutor$AbortPolicy.rejectedExecution(ThreadPoolExecutor.java:2081)
	at java.base/java.util.concurrent.ThreadPoolExecutor.reject(ThreadPoolExecutor.java:841)
	at java.base/java.util.concurrent.ThreadPoolExecutor.execute(ThreadPoolExecutor.java:1376)
	at scala.concurrent.impl.ExecutionContextImpl.execute(ExecutionContextImpl.scala:21)
	at scala.concurrent.impl.Promise$Transformation.submitWithValue(Promise.scala:462)
	at scala.concurrent.impl.Promise$DefaultPromise.submitWithValue(Promise.scala:371)
	at scala.concurrent.impl.Promise$DefaultPromise.tryComplete0(Promise.scala:295)
	at scala.concurrent.impl.Promise$Transformation.run(Promise.scala:537)
	at java.base/java.util.concurrent.ThreadPoolExecutor.runWorker(ThreadPoolExecutor.java:1144)
	at java.base/java.util.concurrent.ThreadPoolExecutor$Worker.run(ThreadPoolExecutor.java:642)
	at java.base/java.lang.Thread.run(Thread.java:1583)
java.util.concurrent.RejectedExecutionException: Task Future(<not completed>) rejected from java.util.concurrent.ThreadPoolExecutor@5afa04c[Shutting down, pool size = 6, active threads = 6, queued tasks = 0, completed tasks = 2997]
	at java.base/java.util.concurrent.ThreadPoolExecutor$AbortPolicy.rejectedExecution(ThreadPoolExecutor.java:2081)
	at java.base/java.util.concurrent.ThreadPoolExecutor.reject(ThreadPoolExecutor.java:841)
	at java.base/java.util.concurrent.ThreadPoolExecutor.execute(ThreadPoolExecutor.java:1376)
	at scala.concurrent.impl.ExecutionContextImpl.execute(ExecutionContextImpl.scala:21)
	at scala.concurrent.impl.Promise$Transformation.submitWithValue(Promise.scala:462)
	at scala.concurrent.impl.Promise$DefaultPromise.submitWithValue(Promise.scala:371)
	at scala.concurrent.impl.Promise$DefaultPromise.tryComplete0(Promise.scala:295)
	at scala.concurrent.impl.Promise$Transformation.handleFailure(Promise.scala:477)
	at scala.concurrent.impl.Promise$Transformation.submitWithValue(Promise.scala:468)
	at scala.concurrent.impl.Promise$DefaultPromise.submitWithValue(Promise.scala:371)
	at scala.concurrent.impl.Promise$DefaultPromise.tryComplete0(Promise.scala:295)
	at scala.concurrent.impl.Promise$Transformation.run(Promise.scala:537)
	at java.base/java.util.concurrent.ThreadPoolExecutor.runWorker(ThreadPoolExecutor.java:1144)
	at java.base/java.util.concurrent.ThreadPoolExecutor$Worker.run(ThreadPoolExecutor.java:642)
	at java.base/java.lang.Thread.run(Thread.java:1583)
2025.12.10 14:08:17 ERROR Bloop 'bsp' command exited with code 1. Something may be wrong with the current configuration.
Running the [1mclean[0m sub-command to clear the working directory and remove caches might help.
If the error persists, please report the issue as a bug and attach a log with increased verbosity by passing [1m-v -v -v[0m.[0m
2025.12.10 14:08:17 ERROR Bloop 'bsp' command exited with code 1. Something may be wrong with the current configuration.
Running the [1mclean[0m sub-command to clear the working directory and remove caches might help.
If the error persists, please report the issue as a bug and attach a log with increased verbosity by passing [1m-v -v -v[0m.[0mjava.util.concurrent.RejectedExecutionException: Task Future(<not completed>) rejected from java.util.concurrent.ThreadPoolExecutor@5afa04c[Terminated, pool size = 0, active threads = 0, queued tasks = 0, completed tasks = 3003]
	at java.base/java.util.concurrent.ThreadPoolExecutor$AbortPolicy.rejectedExecution(ThreadPoolExecutor.java:2081)
	at java.base/java.util.concurrent.ThreadPoolExecutor.reject(ThreadPoolExecutor.java:841)

2025.12.10 14:08:17 ERROR Bloop 'bsp' command exited with code 1. Something may be wrong with the current configuration.
Running the [1mclean[0m sub-command to clear the working directory and remove caches might help.
If the error persists, please report the issue as a bug and attach a log with increased verbosity by passing [1m-v -v -v[0m.	at java.base/java.util.concurrent.ThreadPoolExecutor.execute(ThreadPoolExecutor.java:1376)
	at scala.concurrent.impl.ExecutionContextImpl.execute(ExecutionContextImpl.scala:21)
	at scala.concurrent.impl.Promise$Transformation.submitWithValue(Promise.scala:462)
	at scala.concurrent.impl.Promise$DefaultPromise.submitWithValue(Promise.scala:371)
	at scala.concurrent.impl.Promise$DefaultPromise.tryComplete0(Promise.scala:295)
	at scala.concurrent.impl.Promise$Transformation.handleFailure(Promise.scala:477)
	at scala.concurrent.impl.Promise$Transformation.submitWithValue(Promise.scala:468)
	at scala.concurrent.impl.Promise$DefaultPromise.submitWithValue(Promise.scala:371)
	at scala.concurrent.impl.Promise$DefaultPromise.tryComplete0(Promise.scala:295)
	at scala.concurrent.impl.Promise$DefaultPromise.tryComplete(Promise.scala:288)
	at scala.concurrent.Promise.complete(Promise.scala:57)
	at scala.concurrent.Promise.complete$(Promise.scala:56)
	at scala.concurrent.impl.Promise$DefaultPromise.complete(Promise.scala:104)
	at bloop.rifle.internal.Operations$.$anonfun$bsp$1(Operations.scala:378)
	at bloop.rifle.BloopRifleLogger.$anonfun$runnable$1(BloopRifleLogger.scala:14)
	at java.base/java.lang.Thread.run(Thread.java:1583)
java.util.concurrent.RejectedExecutionException: Task Future(<not completed>) rejected from java.util.concurrent.ThreadPoolExecutor@5afa04c[Terminated, pool size = 0, active threads = 0, queued tasks = 0, completed tasks = 3003]
	at java.base/java.util.concurrent.ThreadPoolExecutor$AbortPolicy.rejectedExecution(ThreadPoolExecutor.java:2081)
	at java.base/java.util.concurrent.ThreadPoolExecutor.reject(ThreadPoolExecutor.java:841)
	at java.base/java.util.concurrent.ThreadPoolExecutor.execute(ThreadPoolExecutor.java:1376)
	at scala.concurrent.impl.ExecutionContextImpl.execute(ExecutionContextImpl.scala:21)
	at scala.concurrent.impl.Promise$Transformation.submitWithValue(Promise.scala:462)
	at scala.concurrent.impl.Promise$DefaultPromise.submitWithValue(Promise.scala:371)
	at scala.concurrent.impl.Promise$DefaultPromise.tryComplete0(Promise.scala:295)
	at scala.concurrent.impl.Promise$Transformation.handleFailure(Promise.scala:477)
	at scala.concurrent.impl.Promise$Transformation.submitWithValue(Promise.scala:468)
	at scala.concurrent.impl.Promise$DefaultPromise.submitWithValue(Promise.scala:371)
	at scala.concurrent.impl.Promise$DefaultPromise.tryComplete0(Promise.scala:295)
	at scala.concurrent.impl.Promise$DefaultPromise.tryComplete(Promise.scala:288)
	at scala.concurrent.Promise.complete(Promise.scala:57)
	at scala.concurrent.Promise.complete$(Promise.scala:56)
	at scala.concurrent.impl.Promise$DefaultPromise.complete(Promise.scala:104)
	at bloop.rifle.internal.Operations$.$anonfun$bsp$1(Operations.scala:378)
	at bloop.rifle.BloopRifleLogger.$anonfun$runnable$1(BloopRifleLogger.scala:14)
	at java.base/java.lang.Thread.run(Thread.java:1583)
[0m
java.util.concurrent.RejectedExecutionException: Task Future(<not completed>) rejected from java.util.concurrent.ThreadPoolExecutor@5afa04c[Terminated, pool size = 0, active threads = 0, queued tasks = 0, completed tasks = 3003]
	at java.base/java.util.concurrent.ThreadPoolExecutor$AbortPolicy.rejectedExecution(ThreadPoolExecutor.java:2081)
	at java.base/java.util.concurrent.ThreadPoolExecutor.reject(ThreadPoolExecutor.java:841)
	at java.base/java.util.concurrent.ThreadPoolExecutor.execute(ThreadPoolExecutor.java:1376)
	at scala.concurrent.impl.ExecutionContextImpl.execute(ExecutionContextImpl.scala:21)
	at scala.concurrent.impl.Promise$Transformation.submitWithValue(Promise.scala:462)
	at scala.concurrent.impl.Promise$DefaultPromise.submitWithValue(Promise.scala:371)
	at scala.concurrent.impl.Promise$DefaultPromise.tryComplete0(Promise.scala:295)
	at scala.concurrent.impl.Promise$Transformation.handleFailure(Promise.scala:477)
	at scala.concurrent.impl.Promise$Transformation.submitWithValue(Promise.scala:468)
	at scala.concurrent.impl.Promise$DefaultPromise.submitWithValue(Promise.scala:371)
	at scala.concurrent.impl.Promise$DefaultPromise.tryComplete0(Promise.scala:295)
	at scala.concurrent.impl.Promise$DefaultPromise.tryComplete(Promise.scala:288)
	at scala.concurrent.Promise.complete(Promise.scala:57)
	at scala.concurrent.Promise.complete$(Promise.scala:56)
	at scala.concurrent.impl.Promise$DefaultPromise.complete(Promise.scala:104)
	at bloop.rifle.internal.Operations$.$anonfun$bsp$1(Operations.scala:378)
	at bloop.rifle.BloopRifleLogger.$anonfun$runnable$1(BloopRifleLogger.scala:14)
	at java.base/java.lang.Thread.run(Thread.java:1583)
2025.12.10 14:08:31 INFO  Started: Metals version 1.6.4 in folders '/home/poojachandrashekhar/hmrc/sdlt/sdlt-management-frontend-ui-tests' for client Visual Studio Code 1.106.3.[0m
2025.12.10 14:08:31 WARN  Using H2 2.4.240 which is newer than the version Flyway has been verified with. The latest verified version of H2 is 2.3.232.[0m
2025.12.10 14:08:32 INFO  no build target found for /home/poojachandrashekhar/hmrc/sdlt/sdlt-management-frontend-ui-tests/src/test/scala/uk/gov/hmrc/ui/specs/ManagementErrorHandlingSpec.scala. Using presentation compiler with project's scala-library version: 3.3.6[0m
2025.12.10 14:08:32 INFO  Attempting to connect to the build server...[0m
2025.12.10 14:08:32 INFO  No running Bloop server found, starting one.[0m
2025.12.10 14:08:33 INFO  no build target found for /home/poojachandrashekhar/hmrc/sdlt/sdlt-management-frontend-ui-tests/src/test/scala/uk/gov/hmrc/ui/specs/ManagementErrorHandlingSpec.scala. Using presentation compiler with project's scala-library version: 3.3.6[0m
2025.12.10 14:08:33 INFO  Starting compilation server[0m
2025.12.10 14:08:35 INFO  tracing is disabled for protocol BSP, to enable tracing of incoming and outgoing JSON messages create an empty file at /home/poojachandrashekhar/hmrc/sdlt/sdlt-management-frontend-ui-tests/.metals/bsp.trace.json or /home/poojachandrashekhar/.cache/metals/bsp.trace.json[0m
2025.12.10 14:08:35 INFO  Attempting to connect to the build server...[0m
2025.12.10 14:08:35 INFO  Found a Bloop server running[0m
2025.12.10 14:08:35 INFO  Attempting to connect to the build server...[0m
2025.12.10 14:08:35 INFO  Found a Bloop server running[0m
2025.12.10 14:08:35 INFO  tracing is disabled for protocol BSP, to enable tracing of incoming and outgoing JSON messages create an empty file at /home/poojachandrashekhar/hmrc/sdlt/sdlt-management-frontend-ui-tests/project/project/.metals/bsp.trace.json or /home/poojachandrashekhar/.cache/metals/bsp.trace.json[0m
2025.12.10 14:08:35 INFO  tracing is disabled for protocol BSP, to enable tracing of incoming and outgoing JSON messages create an empty file at /home/poojachandrashekhar/hmrc/sdlt/sdlt-management-frontend-ui-tests/project/.metals/bsp.trace.json or /home/poojachandrashekhar/.cache/metals/bsp.trace.json[0m
2025.12.10 14:08:35 INFO  time: Connected to build server in 3.44s[0m
2025.12.10 14:08:35 INFO  Connected to Build server: Bloop v2.0.17[0m
2025.12.10 14:08:36 INFO  time: Imported build in 0.18s[0m
2025.12.10 14:08:39 WARN  Using H2 2.4.240 which is newer than the version Flyway has been verified with. The latest verified version of H2 is 2.3.232.[0m
2025.12.10 14:08:40 INFO  time: indexed workspace in 4.69s[0m
2025.12.10 14:08:41 INFO  compiling root-test (1 scala source)[0m
2025.12.10 14:08:47 INFO  time: compiled root-test in 5.68s[0m
2025.12.10 14:22:34 INFO  Shutting down server[0m
2025.12.10 14:22:34 INFO  shutting down Metals[0m
2025.12.10 14:22:34 INFO  Shut down connection with build server.[0m
2025.12.10 14:22:34 INFO  Shut down connection with build server.[0m
2025.12.10 14:22:34 INFO  Shut down connection with build server.[0m
2025.12.10 14:22:34 INFO  Exiting server[0m
2025.12.10 15:18:34 INFO  Started: Metals version 1.6.4 in folders '/home/poojachandrashekhar/hmrc/sdlt/sdlt-management-frontend-ui-tests' for client Visual Studio Code 1.106.3.[0m
2025.12.10 15:18:35 WARN  Using H2 2.4.240 which is newer than the version Flyway has been verified with. The latest verified version of H2 is 2.3.232.[0m
2025.12.10 15:18:35 INFO  no build target found for /home/poojachandrashekhar/hmrc/sdlt/sdlt-management-frontend-ui-tests/src/test/scala/uk/gov/hmrc/ui/specs/ManagementErrorHandlingSpec.scala. Using presentation compiler with project's scala-library version: 3.3.6[0m
2025.12.10 15:18:36 INFO  Attempting to connect to the build server...[0m
2025.12.10 15:18:36 INFO  No running Bloop server found, starting one.[0m
2025.12.10 15:18:37 INFO  Starting compilation server[0m
2025.12.10 15:18:37 INFO  no build target found for /home/poojachandrashekhar/hmrc/sdlt/sdlt-management-frontend-ui-tests/src/test/scala/uk/gov/hmrc/ui/specs/ManagementErrorHandlingSpec.scala. Using presentation compiler with project's scala-library version: 3.3.6[0m
Dec 10, 2025 3:18:37 PM org.eclipse.lsp4j.jsonrpc.RemoteEndpoint handleCancellation
WARNING: Unmatched cancel notification for request id 3
Dec 10, 2025 3:18:37 PM org.eclipse.lsp4j.jsonrpc.RemoteEndpoint handleCancellation
WARNING: Unmatched cancel notification for request id 2
2025.12.10 15:18:37 INFO  no build target found for /home/poojachandrashekhar/hmrc/sdlt/sdlt-management-frontend-ui-tests/src/test/scala/uk/gov/hmrc/ui/specs/ManagementErrorHandlingSpec.scala. Using presentation compiler with project's scala-library version: 3.3.6[0m
2025.12.10 15:18:39 INFO  tracing is disabled for protocol BSP, to enable tracing of incoming and outgoing JSON messages create an empty file at /home/poojachandrashekhar/hmrc/sdlt/sdlt-management-frontend-ui-tests/.metals/bsp.trace.json or /home/poojachandrashekhar/.cache/metals/bsp.trace.json[0m
2025.12.10 15:18:39 INFO  Attempting to connect to the build server...[0m
2025.12.10 15:18:39 INFO  Found a Bloop server running[0m
2025.12.10 15:18:39 INFO  Attempting to connect to the build server...[0m
2025.12.10 15:18:39 INFO  Found a Bloop server running[0m
2025.12.10 15:18:40 INFO  tracing is disabled for protocol BSP, to enable tracing of incoming and outgoing JSON messages create an empty file at /home/poojachandrashekhar/hmrc/sdlt/sdlt-management-frontend-ui-tests/project/project/.metals/bsp.trace.json or /home/poojachandrashekhar/.cache/metals/bsp.trace.json[0m
2025.12.10 15:18:40 INFO  tracing is disabled for protocol BSP, to enable tracing of incoming and outgoing JSON messages create an empty file at /home/poojachandrashekhar/hmrc/sdlt/sdlt-management-frontend-ui-tests/project/.metals/bsp.trace.json or /home/poojachandrashekhar/.cache/metals/bsp.trace.json[0m
2025.12.10 15:18:40 INFO  time: Connected to build server in 3.9s[0m
2025.12.10 15:18:40 INFO  Connected to Build server: Bloop v2.0.17[0m
2025.12.10 15:18:40 INFO  time: Imported build in 0.23s[0m
2025.12.10 15:18:44 WARN  Using H2 2.4.240 which is newer than the version Flyway has been verified with. The latest verified version of H2 is 2.3.232.[0m
2025.12.10 15:18:46 INFO  time: indexed workspace in 6.01s[0m
2025.12.10 15:18:47 INFO  compiling root-test (1 scala source)[0m
2025.12.10 15:18:55 INFO  time: compiled root-test in 8.11s[0m
